Using pre-set license
Built from '2022.3/staging' branch; Version is '2022.3.9f1 (ea401c316338) revision 15351836'; Using compiler version '192829333'; Build Type 'Release'
OS: 'Windows 11  (10.0.22621) 64bit Core' Language: 'en' Physical Memory: 32509 MB
BatchMode: 1, IsHumanControllingUs: 0, StartBugReporterOnCrash: 0, Is64bit: 1, IsPro: 1

COMMAND LINE ARGUMENTS:
S:\Program Files\2022.3.9f1\Editor\Unity.exe
-adb2
-batchMode
-noUpm
-name
AssetImportWorker0
-projectPath
D:/Desktop/Github/SCP
-logFile
Logs/AssetImportWorker0.log
-srvPort
60046
Successfully changed project path to: D:/Desktop/Github/SCP
D:/Desktop/Github/SCP
[UnityMemory] Configuration Parameters - Can be set up in boot.config
    "memorysetup-bucket-allocator-granularity=16"
    "memorysetup-bucket-allocator-bucket-count=8"
    "memorysetup-bucket-allocator-block-size=33554432"
    "memorysetup-bucket-allocator-block-count=8"
    "memorysetup-main-allocator-block-size=16777216"
    "memorysetup-thread-allocator-block-size=16777216"
    "memorysetup-gfx-main-allocator-block-size=16777216"
    "memorysetup-gfx-thread-allocator-block-size=16777216"
    "memorysetup-cache-allocator-block-size=4194304"
    "memorysetup-typetree-allocator-block-size=2097152"
    "memorysetup-profiler-bucket-allocator-granularity=16"
    "memorysetup-profiler-bucket-allocator-bucket-count=8"
    "memorysetup-profiler-bucket-allocator-block-size=33554432"
    "memorysetup-profiler-bucket-allocator-block-count=8"
    "memorysetup-profiler-allocator-block-size=16777216"
    "memorysetup-profiler-editor-allocator-block-size=1048576"
    "memorysetup-temp-allocator-size-main=16777216"
    "memorysetup-job-temp-allocator-block-size=2097152"
    "memorysetup-job-temp-allocator-block-size-background=1048576"
    "memorysetup-job-temp-allocator-reduction-small-platforms=262144"
    "memorysetup-allocator-temp-initial-block-size-main=262144"
    "memorysetup-allocator-temp-initial-block-size-worker=262144"
    "memorysetup-temp-allocator-size-background-worker=32768"
    "memorysetup-temp-allocator-size-job-worker=262144"
    "memorysetup-temp-allocator-size-preload-manager=33554432"
    "memorysetup-temp-allocator-size-nav-mesh-worker=65536"
    "memorysetup-temp-allocator-size-audio-worker=65536"
    "memorysetup-temp-allocator-size-cloud-worker=32768"
    "memorysetup-temp-allocator-size-gi-baking-worker=262144"
    "memorysetup-temp-allocator-size-gfx=262144"
Player connection [46320] Host "[IP] 192.168.50.212 [Port] 0 [Flags] 2 [Guid] 3904269313 [EditorId] 3904269313 [Version] 1048832 [Id] WindowsEditor(7,Giovanni-Desktop) [Debug] 1 [PackageName] WindowsEditor [ProjectName] Editor" joined multi-casting on [225.0.0.222:54997]...

Player connection [46320] Host "[IP] 192.168.50.212 [Port] 0 [Flags] 2 [Guid] 3904269313 [EditorId] 3904269313 [Version] 1048832 [Id] WindowsEditor(7,Giovanni-Desktop) [Debug] 1 [PackageName] WindowsEditor [ProjectName] Editor" joined alternative multi-casting on [225.0.0.222:34997]...

[Physics::Module] Initialized MultithreadedJobDispatcher with 23 workers.
Refreshing native plugins compatible for Editor in 3.01 ms, found 3 plugins.
Preloading 0 native plugins for Editor in 0.00 ms.
Initialize engine version: 2022.3.9f1 (ea401c316338)
[Subsystems] Discovering subsystems at path S:/Program Files/2022.3.9f1/Editor/Data/Resources/UnitySubsystems
[Subsystems] Discovering subsystems at path D:/Desktop/Github/SCP/Assets
GfxDevice: creating device client; threaded=0; jobified=0
Direct3D:
    Version:  Direct3D 11.0 [level 11.1]
    Renderer: NVIDIA GeForce RTX 3080 (ID=0x2216)
    Vendor:   NVIDIA
    VRAM:     10067 MB
    Driver:   31.0.15.3734
Initialize mono
Mono path[0] = 'S:/Program Files/2022.3.9f1/Editor/Data/Managed'
Mono path[1] = 'S:/Program Files/2022.3.9f1/Editor/Data/MonoBleedingEdge/lib/mono/unityjit-win32'
Mono config path = 'S:/Program Files/2022.3.9f1/Editor/Data/MonoBleedingEdge/etc'
Using monoOptions --debugger-agent=transport=dt_socket,embedding=1,server=y,suspend=n,address=127.0.0.1:56644
Begin MonoManager ReloadAssembly
Registering precompiled unity dll's ...
Register platform support module: S:/Program Files/2022.3.9f1/Editor/Data/PlaybackEngines/WindowsStandaloneSupport/UnityEditor.WindowsStandalone.Extensions.dll
Registered in 0.001649 seconds.
- Loaded All Assemblies, in  0.188 seconds
Native extension for WindowsStandalone target not found
Mono: successfully reloaded assembly
- Finished resetting the current domain, in  0.140 seconds
Domain Reload Profiling: 328ms
	BeginReloadAssembly (62ms)
		ExecutionOrderSort (0ms)
		DisableScriptedObjects (0ms)
		BackupInstance (0ms)
		ReleaseScriptingObjects (0ms)
		CreateAndSetChildDomain (0ms)
	RebuildCommonClasses (19ms)
	RebuildNativeTypeToScriptingClass (6ms)
	initialDomainReloadingComplete (26ms)
	LoadAllAssembliesAndSetupDomain (75ms)
		LoadAssemblies (62ms)
		RebuildTransferFunctionScriptingTraits (0ms)
		AnalyzeDomain (73ms)
			TypeCache.Refresh (73ms)
				TypeCache.ScanAssembly (65ms)
			ScanForSourceGeneratedMonoScriptInfo (0ms)
			ResolveRequiredComponents (0ms)
	FinalizeReload (140ms)
		ReleaseScriptCaches (0ms)
		RebuildScriptCaches (0ms)
		SetupLoadedEditorAssemblies (107ms)
			LogAssemblyErrors (0ms)
			InitializePlatformSupportModulesInManaged (4ms)
			SetLoadedEditorAssemblies (4ms)
			RefreshPlugins (0ms)
			BeforeProcessingInitializeOnLoad (1ms)
			ProcessInitializeOnLoadAttributes (71ms)
			ProcessInitializeOnLoadMethodAttributes (26ms)
			AfterProcessingInitializeOnLoad (0ms)
			EditorAssembliesLoaded (0ms)
		ExecutionOrderSort2 (0ms)
		AwakeInstancesAfterBackupRestoration (0ms)
========================================================================
Worker process is ready to serve import requests
Begin MonoManager ReloadAssembly
- Loaded All Assemblies, in  0.328 seconds
Refreshing native plugins compatible for Editor in 1.06 ms, found 3 plugins.
Native extension for WindowsStandalone target not found
Package Manager log level set to [2]
[Package Manager] Server::EnsureServerProcessIsRunning -- launch failed, reason: Unity was launched with the -noUpm command-line argument
[Package Manager] UpmClient::Send -- Unable to send message (not connected to UPM process).
[Package Manager] Cannot connect to Unity Package Manager local server
Mono: successfully reloaded assembly
- Finished resetting the current domain, in  0.282 seconds
Domain Reload Profiling: 611ms
	BeginReloadAssembly (88ms)
		ExecutionOrderSort (0ms)
		DisableScriptedObjects (3ms)
		BackupInstance (0ms)
		ReleaseScriptingObjects (0ms)
		CreateAndSetChildDomain (13ms)
	RebuildCommonClasses (18ms)
	RebuildNativeTypeToScriptingClass (6ms)
	initialDomainReloadingComplete (21ms)
	LoadAllAssembliesAndSetupDomain (195ms)
		LoadAssemblies (153ms)
		RebuildTransferFunctionScriptingTraits (0ms)
		AnalyzeDomain (95ms)
			TypeCache.Refresh (83ms)
				TypeCache.ScanAssembly (75ms)
			ScanForSourceGeneratedMonoScriptInfo (9ms)
			ResolveRequiredComponents (2ms)
	FinalizeReload (282ms)
		ReleaseScriptCaches (0ms)
		RebuildScriptCaches (0ms)
		SetupLoadedEditorAssemblies (206ms)
			LogAssemblyErrors (0ms)
			InitializePlatformSupportModulesInManaged (2ms)
			SetLoadedEditorAssemblies (2ms)
			RefreshPlugins (0ms)
			BeforeProcessingInitializeOnLoad (27ms)
			ProcessInitializeOnLoadAttributes (164ms)
			ProcessInitializeOnLoadMethodAttributes (10ms)
			AfterProcessingInitializeOnLoad (1ms)
			EditorAssembliesLoaded (0ms)
		ExecutionOrderSort2 (0ms)
		AwakeInstancesAfterBackupRestoration (3ms)
Launched and connected shader compiler UnityShaderCompiler.exe after 0.03 seconds
Refreshing native plugins compatible for Editor in 1.04 ms, found 3 plugins.
Preloading 0 native plugins for Editor in 0.00 ms.
Unloading 3096 Unused Serialized files (Serialized files now loaded: 0)
Unloading 31 unused Assets / (56.4 KB). Loaded Objects now: 3558.
Memory consumption went from 115.5 MB to 115.5 MB.
Total: 1.707100 ms (FindLiveObjects: 0.135600 ms CreateObjectMapping: 0.038500 ms MarkObjects: 1.471800 ms  DeleteObjects: 0.060600 ms)

AssetImportParameters requested are different than current active one (requested -> active):
  custom:container-demuxer-ogg: 62fdf1f143b41e24485cea50d1cbac27 -> 
  custom:video-codec-MediaFoundation-h265: 746d11721c4dcdbdad8f713fa42b33f4 -> 
  custom:video-decoder-ogg-theora: a1e56fd34408186e4bbccfd4996cb3dc -> 
  custom:framework-win-MediaFoundation: 216162199b28c13a410421893ffa2e32 -> 
  custom:CustomObjectIndexerAttribute: 756ad292c208cfabdd7b50bc23989ffe -> 
  custom:container-demuxer-webm: 4f35f7cbe854078d1ac9338744f61a02 -> 
  custom:container-muxer-webm: aa71ff27fc2769a1b78a27578f13a17b -> 
  custom:video-decoder-webm-vp8: 9c59270c3fd7afecdb556c50c9e8de78 -> 
  custom:SearchIndexIgnoredProperties: e643bd26f0fe6173181afceb89e7c659 -> 
  custom:AudioImporter_EditorPlatform: d09bf68614088b80899f8185d706f6e7 -> 
  custom:video-encoder-webm-vp8: eb34c28f22e8b96e1ab97ce403110664 -> 
  custom:audio-decoder-ogg-vorbis: bf7c407c2cedff20999df2af8eb42d56 -> 
  custom:audio-encoder-webm-vorbis: bf7c407c2cedff20999df2af8eb42d56 -> 
========================================================================
Received Import Request.
  Time since last request: 82488.906986 seconds.
  path: Assets/Scripts/Chess Game/ChessGameController.cs
  artifactKey: Guid(41f1a74c2f5c3a149a7c8f7a21c74978) Importer(815301076,1909f56bfc062723c751e8b465ee728b)
Start importing Assets/Scripts/Chess Game/ChessGameController.cs using Guid(41f1a74c2f5c3a149a7c8f7a21c74978) Importer(815301076,1909f56bfc062723c751e8b465ee728b)  -> (artifact id: '59c844e34893c326f4a224b930472edc') in 0.001583 seconds
Number of updated asset objects reloaded before import = 0
Number of asset objects unloaded after import = 0
========================================================================
Received Import Request.
  Time since last request: 9.187019 seconds.
  path: Assets/Scripts/Chess Game/ChessGameController.cs
  artifactKey: Guid(41f1a74c2f5c3a149a7c8f7a21c74978) Importer(815301076,1909f56bfc062723c751e8b465ee728b)
Start importing Assets/Scripts/Chess Game/ChessGameController.cs using Guid(41f1a74c2f5c3a149a7c8f7a21c74978) Importer(815301076,1909f56bfc062723c751e8b465ee728b)  -> (artifact id: '81f4b1b3570bc0cc6058fc155eeccef7') in 0.000262 seconds
Number of updated asset objects reloaded before import = 0
Number of asset objects unloaded after import = 0
========================================================================
Received Import Request.
  Time since last request: 10.895779 seconds.
  path: Assets/Scripts/Chess Game/ChessGameController.cs
  artifactKey: Guid(41f1a74c2f5c3a149a7c8f7a21c74978) Importer(815301076,1909f56bfc062723c751e8b465ee728b)
Start importing Assets/Scripts/Chess Game/ChessGameController.cs using Guid(41f1a74c2f5c3a149a7c8f7a21c74978) Importer(815301076,1909f56bfc062723c751e8b465ee728b)  -> (artifact id: '161e6bf1516b79db05d6c6dc9ac234ba') in 0.000271 seconds
Number of updated asset objects reloaded before import = 0
Number of asset objects unloaded after import = 0
========================================================================
Received Import Request.
  Time since last request: 63.394709 seconds.
  path: Assets/Scripts/Chess Game/ChessGameController.cs
  artifactKey: Guid(41f1a74c2f5c3a149a7c8f7a21c74978) Importer(815301076,1909f56bfc062723c751e8b465ee728b)
Start importing Assets/Scripts/Chess Game/ChessGameController.cs using Guid(41f1a74c2f5c3a149a7c8f7a21c74978) Importer(815301076,1909f56bfc062723c751e8b465ee728b)  -> (artifact id: '69b6af9af66d093054b4316e312e3eb8') in 0.000288 seconds
Number of updated asset objects reloaded before import = 0
Number of asset objects unloaded after import = 0
========================================================================
Received Import Request.
  Time since last request: 54.933919 seconds.
  path: Assets/Scripts/Chess Game/ChessPlayer.cs
  artifactKey: Guid(4dbc506158672d64ab0721c9d13c536e) Importer(815301076,1909f56bfc062723c751e8b465ee728b)
Start importing Assets/Scripts/Chess Game/ChessPlayer.cs using Guid(4dbc506158672d64ab0721c9d13c536e) Importer(815301076,1909f56bfc062723c751e8b465ee728b)  -> (artifact id: '7d8c6b4c760a884860bf4ec31fda506c') in 0.000281 seconds
Number of updated asset objects reloaded before import = 0
Number of asset objects unloaded after import = 0
========================================================================
Received Import Request.
  Time since last request: 307.842087 seconds.
  path: Assets/Scripts/Chess Game/ChessPlayer.cs
  artifactKey: Guid(4dbc506158672d64ab0721c9d13c536e) Importer(815301076,1909f56bfc062723c751e8b465ee728b)
Start importing Assets/Scripts/Chess Game/ChessPlayer.cs using Guid(4dbc506158672d64ab0721c9d13c536e) Importer(815301076,1909f56bfc062723c751e8b465ee728b)  -> (artifact id: '80a5407fc04ba2aa54aab628b19c0a11') in 0.000442 seconds
Number of updated asset objects reloaded before import = 0
Number of asset objects unloaded after import = 0
========================================================================
Received Import Request.
  Time since last request: 162.455744 seconds.
  path: Assets/Scripts/Chess Game/ChessPlayer.cs
  artifactKey: Guid(4dbc506158672d64ab0721c9d13c536e) Importer(815301076,1909f56bfc062723c751e8b465ee728b)
Start importing Assets/Scripts/Chess Game/ChessPlayer.cs using Guid(4dbc506158672d64ab0721c9d13c536e) Importer(815301076,1909f56bfc062723c751e8b465ee728b)  -> (artifact id: '3a5546c55a0bafd65d675f3fe6efaced') in 0.000407 seconds
Number of updated asset objects reloaded before import = 0
Number of asset objects unloaded after import = 0
========================================================================
Received Import Request.
  Time since last request: 225.362287 seconds.
  path: Assets/Scripts/Input System/InputReciever.cs
  artifactKey: Guid(09546b2ac73097448a93364617095b08) Importer(815301076,1909f56bfc062723c751e8b465ee728b)
Start importing Assets/Scripts/Input System/InputReciever.cs using Guid(09546b2ac73097448a93364617095b08) Importer(815301076,1909f56bfc062723c751e8b465ee728b)  -> (artifact id: '05a20a777721b03a9ce4471edc88ac60') in 0.000354 seconds
Number of updated asset objects reloaded before import = 0
Number of asset objects unloaded after import = 0
========================================================================
Received Import Request.
  Time since last request: 29.443345 seconds.
  path: Assets/Scripts/Input System/IInputHandler.cs
  artifactKey: Guid(851aea3882db0194caa452e82c6d44e9) Importer(815301076,1909f56bfc062723c751e8b465ee728b)
Start importing Assets/Scripts/Input System/IInputHandler.cs using Guid(851aea3882db0194caa452e82c6d44e9) Importer(815301076,1909f56bfc062723c751e8b465ee728b)  -> (artifact id: 'f861010e097f08a2285d4e932580fe85') in 0.000262 seconds
Number of updated asset objects reloaded before import = 0
Number of asset objects unloaded after import = 0
========================================================================
Received Import Request.
  Time since last request: 59.607055 seconds.
  path: Assets/Scripts/Input System/IInputHandler.cs
  artifactKey: Guid(851aea3882db0194caa452e82c6d44e9) Importer(815301076,1909f56bfc062723c751e8b465ee728b)
Start importing Assets/Scripts/Input System/IInputHandler.cs using Guid(851aea3882db0194caa452e82c6d44e9) Importer(815301076,1909f56bfc062723c751e8b465ee728b)  -> (artifact id: 'ceed374d312ceb7cc6ecb9cf00cf921b') in 0.000414 seconds
Number of updated asset objects reloaded before import = 0
Number of asset objects unloaded after import = 0
========================================================================
Received Import Request.
  Time since last request: 15.056137 seconds.
  path: Assets/Scripts/Input System/ColliderInputReciever.cs
  artifactKey: Guid(f03898ac328f4a247bb30c656e5e24f4) Importer(815301076,1909f56bfc062723c751e8b465ee728b)
Start importing Assets/Scripts/Input System/ColliderInputReciever.cs using Guid(f03898ac328f4a247bb30c656e5e24f4) Importer(815301076,1909f56bfc062723c751e8b465ee728b)  -> (artifact id: '5cb6a4cca009c69c3b661d8024c50bbc') in 0.000298 seconds
Number of updated asset objects reloaded before import = 0
Number of asset objects unloaded after import = 0
========================================================================
Received Import Request.
  Time since last request: 127.177915 seconds.
  path: Assets/Scripts/Input System/ColliderInputReciever.cs
  artifactKey: Guid(f03898ac328f4a247bb30c656e5e24f4) Importer(815301076,1909f56bfc062723c751e8b465ee728b)
Start importing Assets/Scripts/Input System/ColliderInputReciever.cs using Guid(f03898ac328f4a247bb30c656e5e24f4) Importer(815301076,1909f56bfc062723c751e8b465ee728b)  -> (artifact id: '795f901236796b906289d4be850d38b6') in 0.000439 seconds
Number of updated asset objects reloaded before import = 0
Number of asset objects unloaded after import = 0
========================================================================
Received Import Request.
  Time since last request: 27.033456 seconds.
  path: Assets/Scripts/Input System/ColliderInputReciever.cs
  artifactKey: Guid(f03898ac328f4a247bb30c656e5e24f4) Importer(815301076,1909f56bfc062723c751e8b465ee728b)
Start importing Assets/Scripts/Input System/ColliderInputReciever.cs using Guid(f03898ac328f4a247bb30c656e5e24f4) Importer(815301076,1909f56bfc062723c751e8b465ee728b)  -> (artifact id: '890146a49493988caac0cac6464a71f8') in 0.000264 seconds
Number of updated asset objects reloaded before import = 0
Number of asset objects unloaded after import = 0
========================================================================
Received Import Request.
  Time since last request: 59.521991 seconds.
  path: Assets/Scripts/Input System/ColliderInputReciever.cs
  artifactKey: Guid(f03898ac328f4a247bb30c656e5e24f4) Importer(815301076,1909f56bfc062723c751e8b465ee728b)
Start importing Assets/Scripts/Input System/ColliderInputReciever.cs using Guid(f03898ac328f4a247bb30c656e5e24f4) Importer(815301076,1909f56bfc062723c751e8b465ee728b)  -> (artifact id: '4fca17b5996e0ae87cf3de43f76d4f1d') in 0.000284 seconds
Number of updated asset objects reloaded before import = 0
Number of asset objects unloaded after import = 0
========================================================================
Received Import Request.
  Time since last request: 23.537512 seconds.
  path: Assets/Scripts/Input System/ColliderInputReciever.cs
  artifactKey: Guid(f03898ac328f4a247bb30c656e5e24f4) Importer(815301076,1909f56bfc062723c751e8b465ee728b)
Start importing Assets/Scripts/Input System/ColliderInputReciever.cs using Guid(f03898ac328f4a247bb30c656e5e24f4) Importer(815301076,1909f56bfc062723c751e8b465ee728b)  -> (artifact id: '666b756e386cc8e8750eddb4d3a16b75') in 0.000307 seconds
Number of updated asset objects reloaded before import = 0
Number of asset objects unloaded after import = 0
========================================================================
Received Import Request.
  Time since last request: 23.239232 seconds.
  path: Assets/Scripts/Input System/ColliderInputReciever.cs
  artifactKey: Guid(f03898ac328f4a247bb30c656e5e24f4) Importer(815301076,1909f56bfc062723c751e8b465ee728b)
Start importing Assets/Scripts/Input System/ColliderInputReciever.cs using Guid(f03898ac328f4a247bb30c656e5e24f4) Importer(815301076,1909f56bfc062723c751e8b465ee728b)  -> (artifact id: '1ae6f04c8713fd3f7d5d019db1fe5bfb') in 0.000256 seconds
Number of updated asset objects reloaded before import = 0
Number of asset objects unloaded after import = 0
========================================================================
Received Import Request.
  Time since last request: 57.552152 seconds.
  path: Assets/Scripts/Input System/ColliderInputReciever.cs
  artifactKey: Guid(f03898ac328f4a247bb30c656e5e24f4) Importer(815301076,1909f56bfc062723c751e8b465ee728b)
Start importing Assets/Scripts/Input System/ColliderInputReciever.cs using Guid(f03898ac328f4a247bb30c656e5e24f4) Importer(815301076,1909f56bfc062723c751e8b465ee728b)  -> (artifact id: 'f4ee6d41a9941215edfca87600bb925d') in 0.000353 seconds
Number of updated asset objects reloaded before import = 0
Number of asset objects unloaded after import = 0
========================================================================
Received Import Request.
  Time since last request: 49.628421 seconds.
  path: Assets/Scripts/Input System/ColliderInputReciever.cs
  artifactKey: Guid(f03898ac328f4a247bb30c656e5e24f4) Importer(815301076,1909f56bfc062723c751e8b465ee728b)
Start importing Assets/Scripts/Input System/ColliderInputReciever.cs using Guid(f03898ac328f4a247bb30c656e5e24f4) Importer(815301076,1909f56bfc062723c751e8b465ee728b)  -> (artifact id: '393174a4b9c0ae60c293da87892c5f01') in 0.000315 seconds
Number of updated asset objects reloaded before import = 0
Number of asset objects unloaded after import = 0
========================================================================
Received Import Request.
  Time since last request: 22.257418 seconds.
  path: Assets/Scripts/Input System/BoardInputHandler.cs
  artifactKey: Guid(b06385d8e84e0324c930be849e2f73d7) Importer(815301076,1909f56bfc062723c751e8b465ee728b)
Start importing Assets/Scripts/Input System/BoardInputHandler.cs using Guid(b06385d8e84e0324c930be849e2f73d7) Importer(815301076,1909f56bfc062723c751e8b465ee728b)  -> (artifact id: '5767f1f4574978e12e1ccf8bd54757b9') in 0.000269 seconds
Number of updated asset objects reloaded before import = 0
Number of asset objects unloaded after import = 0
========================================================================
Received Import Request.
  Time since last request: 29.449290 seconds.
  path: Assets/Scripts/Input System/BoardInputHandler.cs
  artifactKey: Guid(b06385d8e84e0324c930be849e2f73d7) Importer(815301076,1909f56bfc062723c751e8b465ee728b)
Start importing Assets/Scripts/Input System/BoardInputHandler.cs using Guid(b06385d8e84e0324c930be849e2f73d7) Importer(815301076,1909f56bfc062723c751e8b465ee728b)  -> (artifact id: '27d680ab44cce12ba0c856123de10a34') in 0.000423 seconds
Number of updated asset objects reloaded before import = 0
Number of asset objects unloaded after import = 0
========================================================================
Received Import Request.
  Time since last request: 99.981870 seconds.
  path: Assets/Scripts/Input System/BoardInputHandler.cs
  artifactKey: Guid(b06385d8e84e0324c930be849e2f73d7) Importer(815301076,1909f56bfc062723c751e8b465ee728b)
Start importing Assets/Scripts/Input System/BoardInputHandler.cs using Guid(b06385d8e84e0324c930be849e2f73d7) Importer(815301076,1909f56bfc062723c751e8b465ee728b)  -> (artifact id: 'b0873183cac1d008707cd1cdaaa2582e') in 0.000315 seconds
Number of updated asset objects reloaded before import = 0
Number of asset objects unloaded after import = 0
========================================================================
Received Import Request.
  Time since last request: 24.014934 seconds.
  path: Assets/Scripts/Chess Game/Board.cs
  artifactKey: Guid(f12255c9535a47d4fbbf7cd88e0837ce) Importer(815301076,1909f56bfc062723c751e8b465ee728b)
Start importing Assets/Scripts/Chess Game/Board.cs using Guid(f12255c9535a47d4fbbf7cd88e0837ce) Importer(815301076,1909f56bfc062723c751e8b465ee728b)  -> (artifact id: '478a90a90391adf6daee42e6e039b64e') in 0.000285 seconds
Number of updated asset objects reloaded before import = 0
Number of asset objects unloaded after import = 0
========================================================================
Received Import Request.
  Time since last request: 8.420191 seconds.
  path: Assets/Scripts/Chess Game/Board.cs
  artifactKey: Guid(f12255c9535a47d4fbbf7cd88e0837ce) Importer(815301076,1909f56bfc062723c751e8b465ee728b)
Start importing Assets/Scripts/Chess Game/Board.cs using Guid(f12255c9535a47d4fbbf7cd88e0837ce) Importer(815301076,1909f56bfc062723c751e8b465ee728b)  -> (artifact id: '6b5e35eb9afffe05482af9b032f87bc0') in 0.000482 seconds
Number of updated asset objects reloaded before import = 0
Number of asset objects unloaded after import = 0
========================================================================
Received Import Request.
  Time since last request: 79.788385 seconds.
  path: Assets/Scripts/Chess Game/Board.cs
  artifactKey: Guid(f12255c9535a47d4fbbf7cd88e0837ce) Importer(815301076,1909f56bfc062723c751e8b465ee728b)
Start importing Assets/Scripts/Chess Game/Board.cs using Guid(f12255c9535a47d4fbbf7cd88e0837ce) Importer(815301076,1909f56bfc062723c751e8b465ee728b)  -> (artifact id: 'c371ee97ab267e6c5e4ecda73a3bf99c') in 0.000347 seconds
Number of updated asset objects reloaded before import = 0
Number of asset objects unloaded after import = 0
========================================================================
Received Import Request.
  Time since last request: 6.744650 seconds.
  path: Assets/Scripts/Chess Game/Board.cs
  artifactKey: Guid(f12255c9535a47d4fbbf7cd88e0837ce) Importer(815301076,1909f56bfc062723c751e8b465ee728b)
Start importing Assets/Scripts/Chess Game/Board.cs using Guid(f12255c9535a47d4fbbf7cd88e0837ce) Importer(815301076,1909f56bfc062723c751e8b465ee728b)  -> (artifact id: 'f889f28171fc9be1b2661a364db60590') in 0.000276 seconds
Number of updated asset objects reloaded before import = 0
Number of asset objects unloaded after import = 0
========================================================================
Received Import Request.
  Time since last request: 33.663498 seconds.
  path: Assets/Scripts/Chess Game/Board.cs
  artifactKey: Guid(f12255c9535a47d4fbbf7cd88e0837ce) Importer(815301076,1909f56bfc062723c751e8b465ee728b)
Start importing Assets/Scripts/Chess Game/Board.cs using Guid(f12255c9535a47d4fbbf7cd88e0837ce) Importer(815301076,1909f56bfc062723c751e8b465ee728b)  -> (artifact id: '3c3d205515fe8533ba970c003867a2cf') in 0.000374 seconds
Number of updated asset objects reloaded before import = 0
Number of asset objects unloaded after import = 0
========================================================================
Received Import Request.
  Time since last request: 153.153607 seconds.
  path: Assets/Scripts/Chess Game/Board.cs
  artifactKey: Guid(f12255c9535a47d4fbbf7cd88e0837ce) Importer(815301076,1909f56bfc062723c751e8b465ee728b)
Start importing Assets/Scripts/Chess Game/Board.cs using Guid(f12255c9535a47d4fbbf7cd88e0837ce) Importer(815301076,1909f56bfc062723c751e8b465ee728b)  -> (artifact id: 'b9d82c7f48700872dd8bac954a154cae') in 0.000338 seconds
Number of updated asset objects reloaded before import = 0
Number of asset objects unloaded after import = 0
========================================================================
Received Import Request.
  Time since last request: 206.576015 seconds.
  path: Assets/Scripts/Chess Game/Board.cs
  artifactKey: Guid(f12255c9535a47d4fbbf7cd88e0837ce) Importer(815301076,1909f56bfc062723c751e8b465ee728b)
Start importing Assets/Scripts/Chess Game/Board.cs using Guid(f12255c9535a47d4fbbf7cd88e0837ce) Importer(815301076,1909f56bfc062723c751e8b465ee728b)  -> (artifact id: 'cd384821fef80e196ac4dbed52950e46') in 0.000311 seconds
Number of updated asset objects reloaded before import = 0
Number of asset objects unloaded after import = 0
========================================================================
Received Import Request.
  Time since last request: 137.195966 seconds.
  path: Assets/Scripts/Chess Game/Board.cs
  artifactKey: Guid(f12255c9535a47d4fbbf7cd88e0837ce) Importer(815301076,1909f56bfc062723c751e8b465ee728b)
Start importing Assets/Scripts/Chess Game/Board.cs using Guid(f12255c9535a47d4fbbf7cd88e0837ce) Importer(815301076,1909f56bfc062723c751e8b465ee728b)  -> (artifact id: '2f2f04ad0e32bd25b57e6fe1c63dc668') in 0.000365 seconds
Number of updated asset objects reloaded before import = 0
Number of asset objects unloaded after import = 0
========================================================================
Received Import Request.
  Time since last request: 25.744931 seconds.
  path: Assets/Scripts/Chess Game/Board.cs
  artifactKey: Guid(f12255c9535a47d4fbbf7cd88e0837ce) Importer(815301076,1909f56bfc062723c751e8b465ee728b)
Start importing Assets/Scripts/Chess Game/Board.cs using Guid(f12255c9535a47d4fbbf7cd88e0837ce) Importer(815301076,1909f56bfc062723c751e8b465ee728b)  -> (artifact id: '882056cbc12efdedd40c39d91acf7e15') in 0.000424 seconds
Number of updated asset objects reloaded before import = 0
Number of asset objects unloaded after import = 0
========================================================================
Received Import Request.
  Time since last request: 28.126861 seconds.
  path: Assets/Scripts/Chess Game/Board.cs
  artifactKey: Guid(f12255c9535a47d4fbbf7cd88e0837ce) Importer(815301076,1909f56bfc062723c751e8b465ee728b)
Start importing Assets/Scripts/Chess Game/Board.cs using Guid(f12255c9535a47d4fbbf7cd88e0837ce) Importer(815301076,1909f56bfc062723c751e8b465ee728b)  -> (artifact id: '818e744fc0ed1e1ebd4b4c3d34c83371') in 0.000315 seconds
Number of updated asset objects reloaded before import = 0
Number of asset objects unloaded after import = 0
========================================================================
Received Import Request.
  Time since last request: 104.269633 seconds.
  path: Assets/Scripts/Chess Game/Board.cs
  artifactKey: Guid(f12255c9535a47d4fbbf7cd88e0837ce) Importer(815301076,1909f56bfc062723c751e8b465ee728b)
Start importing Assets/Scripts/Chess Game/Board.cs using Guid(f12255c9535a47d4fbbf7cd88e0837ce) Importer(815301076,1909f56bfc062723c751e8b465ee728b)  -> (artifact id: '22a92a15134feab929790f05c33b76c4') in 0.000270 seconds
Number of updated asset objects reloaded before import = 0
Number of asset objects unloaded after import = 0
========================================================================
Received Import Request.
  Time since last request: 128.543512 seconds.
  path: Assets/Scripts/Chess Game/Board.cs
  artifactKey: Guid(f12255c9535a47d4fbbf7cd88e0837ce) Importer(815301076,1909f56bfc062723c751e8b465ee728b)
Start importing Assets/Scripts/Chess Game/Board.cs using Guid(f12255c9535a47d4fbbf7cd88e0837ce) Importer(815301076,1909f56bfc062723c751e8b465ee728b)  -> (artifact id: 'baeb4c54535f72328f179768cdee47ae') in 0.000553 seconds
Number of updated asset objects reloaded before import = 0
Number of asset objects unloaded after import = 0
========================================================================
Received Import Request.
  Time since last request: 819.701760 seconds.
  path: Assets/Scripts/Chess Game/Board.cs
  artifactKey: Guid(f12255c9535a47d4fbbf7cd88e0837ce) Importer(815301076,1909f56bfc062723c751e8b465ee728b)
Start importing Assets/Scripts/Chess Game/Board.cs using Guid(f12255c9535a47d4fbbf7cd88e0837ce) Importer(815301076,1909f56bfc062723c751e8b465ee728b)  -> (artifact id: '8371a808aae1b93b05b90c19cfbe7c1e') in 0.000468 seconds
Number of updated asset objects reloaded before import = 0
Number of asset objects unloaded after import = 0
========================================================================
Received Import Request.
  Time since last request: 210.245002 seconds.
  path: Assets/Scripts/Chess Game/Board.cs
  artifactKey: Guid(f12255c9535a47d4fbbf7cd88e0837ce) Importer(815301076,1909f56bfc062723c751e8b465ee728b)
Start importing Assets/Scripts/Chess Game/Board.cs using Guid(f12255c9535a47d4fbbf7cd88e0837ce) Importer(815301076,1909f56bfc062723c751e8b465ee728b)  -> (artifact id: 'cd39f719a06ac4c1d7d89a339b4077c3') in 0.000351 seconds
Number of updated asset objects reloaded before import = 0
Number of asset objects unloaded after import = 0
========================================================================
Received Import Request.
  Time since last request: 89.085926 seconds.
  path: Assets/Scripts/Chess Game/Board.cs
  artifactKey: Guid(f12255c9535a47d4fbbf7cd88e0837ce) Importer(815301076,1909f56bfc062723c751e8b465ee728b)
Start importing Assets/Scripts/Chess Game/Board.cs using Guid(f12255c9535a47d4fbbf7cd88e0837ce) Importer(815301076,1909f56bfc062723c751e8b465ee728b)  -> (artifact id: '3088c6e3e905e627d6f15e92b78f0df4') in 0.000361 seconds
Number of updated asset objects reloaded before import = 0
Number of asset objects unloaded after import = 0
========================================================================
Received Import Request.
  Time since last request: 67.024192 seconds.
  path: Assets/Scripts/Chess Game/Board.cs
  artifactKey: Guid(f12255c9535a47d4fbbf7cd88e0837ce) Importer(815301076,1909f56bfc062723c751e8b465ee728b)
Start importing Assets/Scripts/Chess Game/Board.cs using Guid(f12255c9535a47d4fbbf7cd88e0837ce) Importer(815301076,1909f56bfc062723c751e8b465ee728b)  -> (artifact id: '54291155aa3a2befd52137bdbdd00ec5') in 0.000257 seconds
Number of updated asset objects reloaded before import = 0
Number of asset objects unloaded after import = 0
========================================================================
Received Import Request.
  Time since last request: 109.092059 seconds.
  path: Assets/Scripts/Chess Game/Board.cs
  artifactKey: Guid(f12255c9535a47d4fbbf7cd88e0837ce) Importer(815301076,1909f56bfc062723c751e8b465ee728b)
Start importing Assets/Scripts/Chess Game/Board.cs using Guid(f12255c9535a47d4fbbf7cd88e0837ce) Importer(815301076,1909f56bfc062723c751e8b465ee728b)  -> (artifact id: 'd9a38cf0075303487c972707258f5c32') in 0.000374 seconds
Number of updated asset objects reloaded before import = 0
Number of asset objects unloaded after import = 0
========================================================================
Received Import Request.
  Time since last request: 109.123852 seconds.
  path: Assets/Scripts/Chess Game/Board.cs
  artifactKey: Guid(f12255c9535a47d4fbbf7cd88e0837ce) Importer(815301076,1909f56bfc062723c751e8b465ee728b)
Start importing Assets/Scripts/Chess Game/Board.cs using Guid(f12255c9535a47d4fbbf7cd88e0837ce) Importer(815301076,1909f56bfc062723c751e8b465ee728b)  -> (artifact id: '61b67dbe489c88cf2df93b6d49659c15') in 0.001018 seconds
Number of updated asset objects reloaded before import = 0
Number of asset objects unloaded after import = 0
========================================================================
Received Import Request.
  Time since last request: 26.911596 seconds.
  path: Assets/Scripts/Chess Game/Board.cs
  artifactKey: Guid(f12255c9535a47d4fbbf7cd88e0837ce) Importer(815301076,1909f56bfc062723c751e8b465ee728b)
Start importing Assets/Scripts/Chess Game/Board.cs using Guid(f12255c9535a47d4fbbf7cd88e0837ce) Importer(815301076,1909f56bfc062723c751e8b465ee728b)  -> (artifact id: '98772b07e78d2492194186e4c8c7b312') in 0.000271 seconds
Number of updated asset objects reloaded before import = 0
Number of asset objects unloaded after import = 0
========================================================================
Received Import Request.
  Time since last request: 49.180441 seconds.
  path: Assets/Scripts/Chess Game/Board.cs
  artifactKey: Guid(f12255c9535a47d4fbbf7cd88e0837ce) Importer(815301076,1909f56bfc062723c751e8b465ee728b)
Start importing Assets/Scripts/Chess Game/Board.cs using Guid(f12255c9535a47d4fbbf7cd88e0837ce) Importer(815301076,1909f56bfc062723c751e8b465ee728b)  -> (artifact id: '74c05dec1c1be379ed44100f7cf5db8f') in 0.000445 seconds
Number of updated asset objects reloaded before import = 0
Number of asset objects unloaded after import = 0
========================================================================
Received Import Request.
  Time since last request: 220.264186 seconds.
  path: Assets/Scripts/Chess Game/Board.cs
  artifactKey: Guid(f12255c9535a47d4fbbf7cd88e0837ce) Importer(815301076,1909f56bfc062723c751e8b465ee728b)
Start importing Assets/Scripts/Chess Game/Board.cs using Guid(f12255c9535a47d4fbbf7cd88e0837ce) Importer(815301076,1909f56bfc062723c751e8b465ee728b)  -> (artifact id: '815610f80c56933e946f4a185ce3efb1') in 0.000385 seconds
Number of updated asset objects reloaded before import = 0
Number of asset objects unloaded after import = 0
========================================================================
Received Import Request.
  Time since last request: 22.831192 seconds.
  path: Assets/Scripts/Chess Game/Board.cs
  artifactKey: Guid(f12255c9535a47d4fbbf7cd88e0837ce) Importer(815301076,1909f56bfc062723c751e8b465ee728b)
Start importing Assets/Scripts/Chess Game/Board.cs using Guid(f12255c9535a47d4fbbf7cd88e0837ce) Importer(815301076,1909f56bfc062723c751e8b465ee728b)  -> (artifact id: '665d409c5d32baee24959ac5841bde25') in 0.000298 seconds
Number of updated asset objects reloaded before import = 0
Number of asset objects unloaded after import = 0
========================================================================
Received Import Request.
  Time since last request: 61.151727 seconds.
  path: Assets/Scripts/Chess Game/Board.cs
  artifactKey: Guid(f12255c9535a47d4fbbf7cd88e0837ce) Importer(815301076,1909f56bfc062723c751e8b465ee728b)
Start importing Assets/Scripts/Chess Game/Board.cs using Guid(f12255c9535a47d4fbbf7cd88e0837ce) Importer(815301076,1909f56bfc062723c751e8b465ee728b)  -> (artifact id: '6bd51b40cd32365d91d257c5a26227a4') in 0.000371 seconds
Number of updated asset objects reloaded before import = 0
Number of asset objects unloaded after import = 0
========================================================================
Received Import Request.
  Time since last request: 55.858858 seconds.
  path: Assets/Scripts/Chess Game/Board.cs
  artifactKey: Guid(f12255c9535a47d4fbbf7cd88e0837ce) Importer(815301076,1909f56bfc062723c751e8b465ee728b)
Start importing Assets/Scripts/Chess Game/Board.cs using Guid(f12255c9535a47d4fbbf7cd88e0837ce) Importer(815301076,1909f56bfc062723c751e8b465ee728b)  -> (artifact id: 'f6103c7fb7c755b7c32448d0d3ae1aa2') in 0.000251 seconds
Number of updated asset objects reloaded before import = 0
Number of asset objects unloaded after import = 0
========================================================================
Received Import Request.
  Time since last request: 38.217694 seconds.
  path: Assets/Scripts/Chess Game/Board.cs
  artifactKey: Guid(f12255c9535a47d4fbbf7cd88e0837ce) Importer(815301076,1909f56bfc062723c751e8b465ee728b)
Start importing Assets/Scripts/Chess Game/Board.cs using Guid(f12255c9535a47d4fbbf7cd88e0837ce) Importer(815301076,1909f56bfc062723c751e8b465ee728b)  -> (artifact id: '388b007aee42259fe56f1abd22c9ad6c') in 0.000278 seconds
Number of updated asset objects reloaded before import = 0
Number of asset objects unloaded after import = 0
========================================================================
Received Import Request.
  Time since last request: 25.013719 seconds.
  path: Assets/Scripts/Chess Game/Board.cs
  artifactKey: Guid(f12255c9535a47d4fbbf7cd88e0837ce) Importer(815301076,1909f56bfc062723c751e8b465ee728b)
Start importing Assets/Scripts/Chess Game/Board.cs using Guid(f12255c9535a47d4fbbf7cd88e0837ce) Importer(815301076,1909f56bfc062723c751e8b465ee728b)  -> (artifact id: '7f4a1f8106168490980d29859ce9873b') in 0.000319 seconds
Number of updated asset objects reloaded before import = 0
Number of asset objects unloaded after import = 0
========================================================================
Received Import Request.
  Time since last request: 469.811922 seconds.
  path: Assets/Scripts/Chess Game/Board.cs
  artifactKey: Guid(f12255c9535a47d4fbbf7cd88e0837ce) Importer(815301076,1909f56bfc062723c751e8b465ee728b)
Start importing Assets/Scripts/Chess Game/Board.cs using Guid(f12255c9535a47d4fbbf7cd88e0837ce) Importer(815301076,1909f56bfc062723c751e8b465ee728b)  -> (artifact id: '904d1d71df72f141335e38f603bfed84') in 0.000530 seconds
Number of updated asset objects reloaded before import = 0
Number of asset objects unloaded after import = 0
========================================================================
Received Import Request.
  Time since last request: 13.457583 seconds.
  path: Assets/Scripts/Chess Game/Piece.cs
  artifactKey: Guid(8c816a44a8d853144b55448bf1c0709f) Importer(815301076,1909f56bfc062723c751e8b465ee728b)
Start importing Assets/Scripts/Chess Game/Piece.cs using Guid(8c816a44a8d853144b55448bf1c0709f) Importer(815301076,1909f56bfc062723c751e8b465ee728b)  -> (artifact id: '7d1a2890bd91a0460cf4a68e8a9896e7') in 0.000258 seconds
Number of updated asset objects reloaded before import = 0
Number of asset objects unloaded after import = 0
========================================================================
Received Import Request.
  Time since last request: 69.229679 seconds.
  path: Assets/Scripts/Chess Game/Piece.cs
  artifactKey: Guid(8c816a44a8d853144b55448bf1c0709f) Importer(815301076,1909f56bfc062723c751e8b465ee728b)
Start importing Assets/Scripts/Chess Game/Piece.cs using Guid(8c816a44a8d853144b55448bf1c0709f) Importer(815301076,1909f56bfc062723c751e8b465ee728b)  -> (artifact id: '61de951f663a1cfc314a37c963fb26e9') in 0.000415 seconds
Number of updated asset objects reloaded before import = 0
Number of asset objects unloaded after import = 0
========================================================================
Received Import Request.
  Time since last request: 26.107603 seconds.
  path: Assets/Scripts/Tweeners/IObjectTweener1.cs
  artifactKey: Guid(997b4b292ac338a448fc917f9d381474) Importer(815301076,1909f56bfc062723c751e8b465ee728b)
Start importing Assets/Scripts/Tweeners/IObjectTweener1.cs using Guid(997b4b292ac338a448fc917f9d381474) Importer(815301076,1909f56bfc062723c751e8b465ee728b)  -> (artifact id: '6a2f2617a7ff668f77fcb7ea1964c4bf') in 0.000292 seconds
Number of updated asset objects reloaded before import = 0
Number of asset objects unloaded after import = 0
========================================================================
Received Import Request.
  Time since last request: 27.844264 seconds.
  path: Assets/Scripts/Tweeners/IObjectTweener1.cs
  artifactKey: Guid(997b4b292ac338a448fc917f9d381474) Importer(815301076,1909f56bfc062723c751e8b465ee728b)
Start importing Assets/Scripts/Tweeners/IObjectTweener1.cs using Guid(997b4b292ac338a448fc917f9d381474) Importer(815301076,1909f56bfc062723c751e8b465ee728b)  -> (artifact id: '9b0824927186d250b6582dfc83eb40d3') in 0.000250 seconds
Number of updated asset objects reloaded before import = 0
Number of asset objects unloaded after import = 0
========================================================================
Received Import Request.
  Time since last request: 27.896359 seconds.
  path: Assets/Scripts/Tweeners/IObjectTweener1.cs
  artifactKey: Guid(997b4b292ac338a448fc917f9d381474) Importer(815301076,1909f56bfc062723c751e8b465ee728b)
Start importing Assets/Scripts/Tweeners/IObjectTweener1.cs using Guid(997b4b292ac338a448fc917f9d381474) Importer(815301076,1909f56bfc062723c751e8b465ee728b)  -> (artifact id: 'd2116ccb503144910218ba28f6e80a78') in 0.000286 seconds
Number of updated asset objects reloaded before import = 0
Number of asset objects unloaded after import = 0
========================================================================
Received Import Request.
  Time since last request: 1.125052 seconds.
  path: Assets/Scripts/Tweeners/IObjectTweener1.cs
  artifactKey: Guid(997b4b292ac338a448fc917f9d381474) Importer(815301076,1909f56bfc062723c751e8b465ee728b)
Start importing Assets/Scripts/Tweeners/IObjectTweener1.cs using Guid(997b4b292ac338a448fc917f9d381474) Importer(815301076,1909f56bfc062723c751e8b465ee728b)  -> (artifact id: '6b1436c35f7b4fb503267afe682af1a0') in 0.000278 seconds
Number of updated asset objects reloaded before import = 0
Number of asset objects unloaded after import = 0
========================================================================
Received Import Request.
  Time since last request: 13.557346 seconds.
  path: Assets/Scripts/Tweeners/InstantTweener.cs
  artifactKey: Guid(eabc71a7268eb7c4f9cecbcce40ffe89) Importer(815301076,1909f56bfc062723c751e8b465ee728b)
Start importing Assets/Scripts/Tweeners/InstantTweener.cs using Guid(eabc71a7268eb7c4f9cecbcce40ffe89) Importer(815301076,1909f56bfc062723c751e8b465ee728b)  -> (artifact id: '56d1b65af64c35643230a3683bf4958a') in 0.000266 seconds
Number of updated asset objects reloaded before import = 0
Number of asset objects unloaded after import = 0
========================================================================
Received Import Request.
  Time since last request: 23.658330 seconds.
  path: Assets/Scripts/Tweeners/IObjectTweener.cs
  artifactKey: Guid(997b4b292ac338a448fc917f9d381474) Importer(815301076,1909f56bfc062723c751e8b465ee728b)
Start importing Assets/Scripts/Tweeners/IObjectTweener.cs using Guid(997b4b292ac338a448fc917f9d381474) Importer(815301076,1909f56bfc062723c751e8b465ee728b)  -> (artifact id: '4adb6f9b57e842eed871441b6e33e48f') in 0.000291 seconds
Number of updated asset objects reloaded before import = 0
Number of asset objects unloaded after import = 0
========================================================================
Received Import Request.
  Time since last request: 5.566114 seconds.
  path: Assets/Scripts/Tweeners/IObjectTweener.cs
  artifactKey: Guid(997b4b292ac338a448fc917f9d381474) Importer(815301076,1909f56bfc062723c751e8b465ee728b)
Start importing Assets/Scripts/Tweeners/IObjectTweener.cs using Guid(997b4b292ac338a448fc917f9d381474) Importer(815301076,1909f56bfc062723c751e8b465ee728b)  -> (artifact id: '67afd368af5a7de3bb0a97c543b6c94c') in 0.000280 seconds
Number of updated asset objects reloaded before import = 0
Number of asset objects unloaded after import = 0
========================================================================
Received Import Request.
  Time since last request: 150.555945 seconds.
  path: Assets/Prefabs/Bishop.prefab
  artifactKey: Guid(3fdd7153312cbde4b9e476ba4e03b318) Importer(815301076,1909f56bfc062723c751e8b465ee728b)
Start importing Assets/Prefabs/Bishop.prefab using Guid(3fdd7153312cbde4b9e476ba4e03b318) Importer(815301076,1909f56bfc062723c751e8b465ee728b)  -> (artifact id: '798ddf71cfb6689032fa91dd10c1f51c') in 0.094967 seconds
Number of updated asset objects reloaded before import = 0
Number of asset objects unloaded after import = 12
========================================================================
Received Import Request.
  Time since last request: 0.000011 seconds.
  path: Assets/Prefabs/Rook.prefab
  artifactKey: Guid(3ae8d593a9fd80b499709635ba54c4f7) Importer(815301076,1909f56bfc062723c751e8b465ee728b)
Start importing Assets/Prefabs/Rook.prefab using Guid(3ae8d593a9fd80b499709635ba54c4f7) Importer(815301076,1909f56bfc062723c751e8b465ee728b)  -> (artifact id: '19add999afb5251dbd2e3aae1dcb4458') in 0.010393 seconds
Number of updated asset objects reloaded before import = 0
Number of asset objects unloaded after import = 12
========================================================================
Received Import Request.
  Time since last request: 0.000010 seconds.
  path: Assets/Prefabs/Queen.prefab
  artifactKey: Guid(f9797ff7d081cb342a4918bf057c23ed) Importer(815301076,1909f56bfc062723c751e8b465ee728b)
Start importing Assets/Prefabs/Queen.prefab using Guid(f9797ff7d081cb342a4918bf057c23ed) Importer(815301076,1909f56bfc062723c751e8b465ee728b)  -> (artifact id: '3d278a897d0ebb989743bc63165e7a74') in 0.004061 seconds
Number of updated asset objects reloaded before import = 0
Number of asset objects unloaded after import = 12
========================================================================
Received Import Request.
  Time since last request: 53.735050 seconds.
  path: Assets/Prefabs/King.prefab
  artifactKey: Guid(96c767000fee6c449953d86155f58543) Importer(815301076,1909f56bfc062723c751e8b465ee728b)
Start importing Assets/Prefabs/King.prefab using Guid(96c767000fee6c449953d86155f58543) Importer(815301076,1909f56bfc062723c751e8b465ee728b)  -> (artifact id: 'ea4b5c21a1775e07b2b6684e14c74c63') in 0.024099 seconds
Number of updated asset objects reloaded before import = 0
Number of asset objects unloaded after import = 13
========================================================================
Received Prepare
Begin MonoManager ReloadAssembly
- Loaded All Assemblies, in  0.255 seconds
Refreshing native plugins compatible for Editor in 1.08 ms, found 3 plugins.
Native extension for WindowsStandalone target not found
[Package Manager] Server::EnsureServerProcessIsRunning -- launch failed, reason: Unity was launched with the -noUpm command-line argument
[Package Manager] UpmClient::Send -- Unable to send message (not connected to UPM process).
[Package Manager] Cannot connect to Unity Package Manager local server
Mono: successfully reloaded assembly
- Finished resetting the current domain, in  0.467 seconds
Domain Reload Profiling: 722ms
	BeginReloadAssembly (103ms)
		ExecutionOrderSort (0ms)
		DisableScriptedObjects (3ms)
		BackupInstance (0ms)
		ReleaseScriptingObjects (0ms)
		CreateAndSetChildDomain (28ms)
	RebuildCommonClasses (17ms)
	RebuildNativeTypeToScriptingClass (6ms)
	initialDomainReloadingComplete (16ms)
	LoadAllAssembliesAndSetupDomain (112ms)
		LoadAssemblies (152ms)
		RebuildTransferFunctionScriptingTraits (0ms)
		AnalyzeDomain (12ms)
			TypeCache.Refresh (5ms)
				TypeCache.ScanAssembly (0ms)
			ScanForSourceGeneratedMonoScriptInfo (4ms)
			ResolveRequiredComponents (2ms)
	FinalizeReload (468ms)
		ReleaseScriptCaches (0ms)
		RebuildScriptCaches (0ms)
		SetupLoadedEditorAssemblies (224ms)
			LogAssemblyErrors (0ms)
			InitializePlatformSupportModulesInManaged (3ms)
			SetLoadedEditorAssemblies (3ms)
			RefreshPlugins (0ms)
			BeforeProcessingInitializeOnLoad (34ms)
			ProcessInitializeOnLoadAttributes (171ms)
			ProcessInitializeOnLoadMethodAttributes (11ms)
			AfterProcessingInitializeOnLoad (1ms)
			EditorAssembliesLoaded (0ms)
		ExecutionOrderSort2 (0ms)
		AwakeInstancesAfterBackupRestoration (4ms)
Refreshing native plugins compatible for Editor in 1.05 ms, found 3 plugins.
Preloading 0 native plugins for Editor in 0.00 ms.
Unloading 3088 Unused Serialized files (Serialized files now loaded: 0)
Unloading 22 unused Assets / (30.5 KB). Loaded Objects now: 3569.
Memory consumption went from 118.9 MB to 118.8 MB.
Total: 1.637800 ms (FindLiveObjects: 0.124400 ms CreateObjectMapping: 0.037600 ms MarkObjects: 1.449500 ms  DeleteObjects: 0.025700 ms)

Prepare: number of updated asset objects reloaded= 0
AssetImportParameters requested are different than current active one (requested -> active):
  custom:container-demuxer-ogg: 62fdf1f143b41e24485cea50d1cbac27 -> 
  custom:video-codec-MediaFoundation-h265: 746d11721c4dcdbdad8f713fa42b33f4 -> 
  custom:video-decoder-ogg-theora: a1e56fd34408186e4bbccfd4996cb3dc -> 
  custom:framework-win-MediaFoundation: 216162199b28c13a410421893ffa2e32 -> 
  custom:CustomObjectIndexerAttribute: 756ad292c208cfabdd7b50bc23989ffe -> 
  custom:container-demuxer-webm: 4f35f7cbe854078d1ac9338744f61a02 -> 
  custom:container-muxer-webm: aa71ff27fc2769a1b78a27578f13a17b -> 
  custom:video-decoder-webm-vp8: 9c59270c3fd7afecdb556c50c9e8de78 -> 
  custom:SearchIndexIgnoredProperties: e643bd26f0fe6173181afceb89e7c659 -> 
  custom:AudioImporter_EditorPlatform: d09bf68614088b80899f8185d706f6e7 -> 
  custom:video-encoder-webm-vp8: eb34c28f22e8b96e1ab97ce403110664 -> 
  custom:audio-decoder-ogg-vorbis: bf7c407c2cedff20999df2af8eb42d56 -> 
  custom:audio-encoder-webm-vorbis: bf7c407c2cedff20999df2af8eb42d56 -> 
========================================================================
Received Import Request.
  Time since last request: 296.201114 seconds.
  path: Assets/Prefabs/Knight.prefab
  artifactKey: Guid(c0f0c0d220d1259478f62fe910238a17) Importer(815301076,1909f56bfc062723c751e8b465ee728b)
Start importing Assets/Prefabs/Knight.prefab using Guid(c0f0c0d220d1259478f62fe910238a17) Importer(815301076,1909f56bfc062723c751e8b465ee728b) 'IObjectTweener' is missing the class attribute 'ExtensionOfNativeClass'!
GameObject (named 'Knight') references runtime script in scene file. Fixing!
'IObjectTweener' is missing the class attribute 'ExtensionOfNativeClass'!
'IObjectTweener' is missing the class attribute 'ExtensionOfNativeClass'!
UnityEngine.StackTraceUtility:ExtractStackTrace ()
UnityEditor.EditorUtility:Internal_InstantiateRemoveAllNonAnimationComponentsSingle (UnityEngine.Object,UnityEngine.Vector3,UnityEngine.Quaternion)
UnityEditor.EditorUtility:InstantiateRemoveAllNonAnimationComponents (UnityEngine.Object,UnityEngine.Vector3,UnityEngine.Quaternion)
UnityEditor.EditorUtility:InstantiateForAnimatorPreview (UnityEngine.Object)
UnityEditor.GameObjectInspector/PreviewData:UpdateGameObject (UnityEngine.Object)
UnityEditor.GameObjectInspector/PreviewData:.ctor (UnityEngine.Object,bool)
UnityEditor.GameObjectInspector:GetPreviewData (bool)
UnityEditor.GameObjectInspector:RenderStaticPreview (string,UnityEngine.Object[],int,int)
UnityEditor.AssetPreviewUpdater:CreatePreview (UnityEngine.Object,UnityEngine.Object[],string,int,int)
UnityEditor.AssetPreviewUpdater:CreatePreviewForAsset (UnityEngine.Object,UnityEngine.Object[],string)

[C:\build\output\unity\unity\Runtime\Scripting\ManagedReference\SerializableManagedRef.cpp line 149]

 -> (artifact id: 'b863fc411b3ef99e53cbfc843b007dca') in 0.046040 seconds
Number of updated asset objects reloaded before import = 0
Number of asset objects unloaded after import = 13
========================================================================
Received Import Request.
  Time since last request: 0.000010 seconds.
  path: Assets/Prefabs/Rook.prefab
  artifactKey: Guid(3ae8d593a9fd80b499709635ba54c4f7) Importer(815301076,1909f56bfc062723c751e8b465ee728b)
Start importing Assets/Prefabs/Rook.prefab using Guid(3ae8d593a9fd80b499709635ba54c4f7) Importer(815301076,1909f56bfc062723c751e8b465ee728b) 'IObjectTweener' is missing the class attribute 'ExtensionOfNativeClass'!
GameObject (named 'Rook') references runtime script in scene file. Fixing!
'IObjectTweener' is missing the class attribute 'ExtensionOfNativeClass'!
'IObjectTweener' is missing the class attribute 'ExtensionOfNativeClass'!
UnityEngine.StackTraceUtility:ExtractStackTrace ()
UnityEditor.EditorUtility:Internal_InstantiateRemoveAllNonAnimationComponentsSingle (UnityEngine.Object,UnityEngine.Vector3,UnityEngine.Quaternion)
UnityEditor.EditorUtility:InstantiateRemoveAllNonAnimationComponents (UnityEngine.Object,UnityEngine.Vector3,UnityEngine.Quaternion)
UnityEditor.EditorUtility:InstantiateForAnimatorPreview (UnityEngine.Object)
UnityEditor.GameObjectInspector/PreviewData:UpdateGameObject (UnityEngine.Object)
UnityEditor.GameObjectInspector/PreviewData:.ctor (UnityEngine.Object,bool)
UnityEditor.GameObjectInspector:GetPreviewData (bool)
UnityEditor.GameObjectInspector:RenderStaticPreview (string,UnityEngine.Object[],int,int)
UnityEditor.AssetPreviewUpdater:CreatePreview (UnityEngine.Object,UnityEngine.Object[],string,int,int)
UnityEditor.AssetPreviewUpdater:CreatePreviewForAsset (UnityEngine.Object,UnityEngine.Object[],string)

[C:\build\output\unity\unity\Runtime\Scripting\ManagedReference\SerializableManagedRef.cpp line 149]

 -> (artifact id: 'c85664a9abb82a11a1affb43b023b1fe') in 0.005350 seconds
Number of updated asset objects reloaded before import = 0
Number of asset objects unloaded after import = 12
========================================================================
Received Import Request.
  Time since last request: 0.000015 seconds.
  path: Assets/Prefabs/Pawn.prefab
  artifactKey: Guid(9e6c55048fdfa2740bf768bd0629e533) Importer(815301076,1909f56bfc062723c751e8b465ee728b)
Start importing Assets/Prefabs/Pawn.prefab using Guid(9e6c55048fdfa2740bf768bd0629e533) Importer(815301076,1909f56bfc062723c751e8b465ee728b) 'IObjectTweener' is missing the class attribute 'ExtensionOfNativeClass'!
GameObject (named 'Pawn') references runtime script in scene file. Fixing!
'IObjectTweener' is missing the class attribute 'ExtensionOfNativeClass'!
'IObjectTweener' is missing the class attribute 'ExtensionOfNativeClass'!
UnityEngine.StackTraceUtility:ExtractStackTrace ()
UnityEditor.EditorUtility:Internal_InstantiateRemoveAllNonAnimationComponentsSingle (UnityEngine.Object,UnityEngine.Vector3,UnityEngine.Quaternion)
UnityEditor.EditorUtility:InstantiateRemoveAllNonAnimationComponents (UnityEngine.Object,UnityEngine.Vector3,UnityEngine.Quaternion)
UnityEditor.EditorUtility:InstantiateForAnimatorPreview (UnityEngine.Object)
UnityEditor.GameObjectInspector/PreviewData:UpdateGameObject (UnityEngine.Object)
UnityEditor.GameObjectInspector/PreviewData:.ctor (UnityEngine.Object,bool)
UnityEditor.GameObjectInspector:GetPreviewData (bool)
UnityEditor.GameObjectInspector:RenderStaticPreview (string,UnityEngine.Object[],int,int)
UnityEditor.AssetPreviewUpdater:CreatePreview (UnityEngine.Object,UnityEngine.Object[],string,int,int)
UnityEditor.AssetPreviewUpdater:CreatePreviewForAsset (UnityEngine.Object,UnityEngine.Object[],string)

[C:\build\output\unity\unity\Runtime\Scripting\ManagedReference\SerializableManagedRef.cpp line 149]

 -> (artifact id: '98db3b7a272f9c942804e90d6e02b165') in 0.008471 seconds
Number of updated asset objects reloaded before import = 0
Number of asset objects unloaded after import = 12
========================================================================
Received Import Request.
  Time since last request: 0.000009 seconds.
  path: Assets/Prefabs/Queen.prefab
  artifactKey: Guid(f9797ff7d081cb342a4918bf057c23ed) Importer(815301076,1909f56bfc062723c751e8b465ee728b)
Start importing Assets/Prefabs/Queen.prefab using Guid(f9797ff7d081cb342a4918bf057c23ed) Importer(815301076,1909f56bfc062723c751e8b465ee728b) 'IObjectTweener' is missing the class attribute 'ExtensionOfNativeClass'!
GameObject (named 'Queen') references runtime script in scene file. Fixing!
'IObjectTweener' is missing the class attribute 'ExtensionOfNativeClass'!
'IObjectTweener' is missing the class attribute 'ExtensionOfNativeClass'!
UnityEngine.StackTraceUtility:ExtractStackTrace ()
UnityEditor.EditorUtility:Internal_InstantiateRemoveAllNonAnimationComponentsSingle (UnityEngine.Object,UnityEngine.Vector3,UnityEngine.Quaternion)
UnityEditor.EditorUtility:InstantiateRemoveAllNonAnimationComponents (UnityEngine.Object,UnityEngine.Vector3,UnityEngine.Quaternion)
UnityEditor.EditorUtility:InstantiateForAnimatorPreview (UnityEngine.Object)
UnityEditor.GameObjectInspector/PreviewData:UpdateGameObject (UnityEngine.Object)
UnityEditor.GameObjectInspector/PreviewData:.ctor (UnityEngine.Object,bool)
UnityEditor.GameObjectInspector:GetPreviewData (bool)
UnityEditor.GameObjectInspector:RenderStaticPreview (string,UnityEngine.Object[],int,int)
UnityEditor.AssetPreviewUpdater:CreatePreview (UnityEngine.Object,UnityEngine.Object[],string,int,int)
UnityEditor.AssetPreviewUpdater:CreatePreviewForAsset (UnityEngine.Object,UnityEngine.Object[],string)

[C:\build\output\unity\unity\Runtime\Scripting\ManagedReference\SerializableManagedRef.cpp line 149]

 -> (artifact id: 'c1d5a942346347c3b19c9473f0a1e151') in 0.008961 seconds
Number of updated asset objects reloaded before import = 0
Number of asset objects unloaded after import = 12
========================================================================
Received Import Request.
  Time since last request: 145.158893 seconds.
  path: Assets/Prefabs/Rook.prefab
  artifactKey: Guid(3ae8d593a9fd80b499709635ba54c4f7) Importer(815301076,1909f56bfc062723c751e8b465ee728b)
Start importing Assets/Prefabs/Rook.prefab using Guid(3ae8d593a9fd80b499709635ba54c4f7) Importer(815301076,1909f56bfc062723c751e8b465ee728b) 'IObjectTweener' is missing the class attribute 'ExtensionOfNativeClass'!
GameObject (named 'Rook') references runtime script in scene file. Fixing!
'IObjectTweener' is missing the class attribute 'ExtensionOfNativeClass'!
'IObjectTweener' is missing the class attribute 'ExtensionOfNativeClass'!
UnityEngine.StackTraceUtility:ExtractStackTrace ()
UnityEditor.EditorUtility:Internal_InstantiateRemoveAllNonAnimationComponentsSingle (UnityEngine.Object,UnityEngine.Vector3,UnityEngine.Quaternion)
UnityEditor.EditorUtility:InstantiateRemoveAllNonAnimationComponents (UnityEngine.Object,UnityEngine.Vector3,UnityEngine.Quaternion)
UnityEditor.EditorUtility:InstantiateForAnimatorPreview (UnityEngine.Object)
UnityEditor.GameObjectInspector/PreviewData:UpdateGameObject (UnityEngine.Object)
UnityEditor.GameObjectInspector/PreviewData:.ctor (UnityEngine.Object,bool)
UnityEditor.GameObjectInspector:GetPreviewData (bool)
UnityEditor.GameObjectInspector:RenderStaticPreview (string,UnityEngine.Object[],int,int)
UnityEditor.AssetPreviewUpdater:CreatePreview (UnityEngine.Object,UnityEngine.Object[],string,int,int)
UnityEditor.AssetPreviewUpdater:CreatePreviewForAsset (UnityEngine.Object,UnityEngine.Object[],string)

[C:\build\output\unity\unity\Runtime\Scripting\ManagedReference\SerializableManagedRef.cpp line 149]

 -> (artifact id: '35876928df5d953fe6875d6e7ea7f704') in 0.006432 seconds
Number of updated asset objects reloaded before import = 0
Number of asset objects unloaded after import = 12
========================================================================
Received Prepare
Begin MonoManager ReloadAssembly
- Loaded All Assemblies, in  0.238 seconds
Refreshing native plugins compatible for Editor in 1.08 ms, found 3 plugins.
Native extension for WindowsStandalone target not found
[Package Manager] Server::EnsureServerProcessIsRunning -- launch failed, reason: Unity was launched with the -noUpm command-line argument
[Package Manager] UpmClient::Send -- Unable to send message (not connected to UPM process).
[Package Manager] Cannot connect to Unity Package Manager local server
Mono: successfully reloaded assembly
- Finished resetting the current domain, in  0.482 seconds
Domain Reload Profiling: 719ms
	BeginReloadAssembly (94ms)
		ExecutionOrderSort (0ms)
		DisableScriptedObjects (3ms)
		BackupInstance (0ms)
		ReleaseScriptingObjects (0ms)
		CreateAndSetChildDomain (20ms)
	RebuildCommonClasses (18ms)
	RebuildNativeTypeToScriptingClass (6ms)
	initialDomainReloadingComplete (13ms)
	LoadAllAssembliesAndSetupDomain (105ms)
		LoadAssemblies (145ms)
		RebuildTransferFunctionScriptingTraits (0ms)
		AnalyzeDomain (13ms)
			TypeCache.Refresh (5ms)
				TypeCache.ScanAssembly (0ms)
			ScanForSourceGeneratedMonoScriptInfo (4ms)
			ResolveRequiredComponents (3ms)
	FinalizeReload (482ms)
		ReleaseScriptCaches (0ms)
		RebuildScriptCaches (0ms)
		SetupLoadedEditorAssemblies (231ms)
			LogAssemblyErrors (0ms)
			InitializePlatformSupportModulesInManaged (3ms)
			SetLoadedEditorAssemblies (3ms)
			RefreshPlugins (0ms)
			BeforeProcessingInitializeOnLoad (35ms)
			ProcessInitializeOnLoadAttributes (179ms)
			ProcessInitializeOnLoadMethodAttributes (11ms)
			AfterProcessingInitializeOnLoad (1ms)
			EditorAssembliesLoaded (0ms)
		ExecutionOrderSort2 (0ms)
		AwakeInstancesAfterBackupRestoration (4ms)
Refreshing native plugins compatible for Editor in 1.31 ms, found 3 plugins.
Preloading 0 native plugins for Editor in 0.00 ms.
Unloading 3088 Unused Serialized files (Serialized files now loaded: 0)
Unloading 22 unused Assets / (30.5 KB). Loaded Objects now: 3572.
Memory consumption went from 119.0 MB to 119.0 MB.
Total: 1.624800 ms (FindLiveObjects: 0.119000 ms CreateObjectMapping: 0.064200 ms MarkObjects: 1.376700 ms  DeleteObjects: 0.064000 ms)

Prepare: number of updated asset objects reloaded= 0
AssetImportParameters requested are different than current active one (requested -> active):
  custom:container-demuxer-ogg: 62fdf1f143b41e24485cea50d1cbac27 -> 
  custom:video-codec-MediaFoundation-h265: 746d11721c4dcdbdad8f713fa42b33f4 -> 
  custom:video-decoder-ogg-theora: a1e56fd34408186e4bbccfd4996cb3dc -> 
  custom:framework-win-MediaFoundation: 216162199b28c13a410421893ffa2e32 -> 
  custom:CustomObjectIndexerAttribute: 756ad292c208cfabdd7b50bc23989ffe -> 
  custom:container-demuxer-webm: 4f35f7cbe854078d1ac9338744f61a02 -> 
  custom:container-muxer-webm: aa71ff27fc2769a1b78a27578f13a17b -> 
  custom:video-decoder-webm-vp8: 9c59270c3fd7afecdb556c50c9e8de78 -> 
  custom:SearchIndexIgnoredProperties: e643bd26f0fe6173181afceb89e7c659 -> 
  custom:AudioImporter_EditorPlatform: d09bf68614088b80899f8185d706f6e7 -> 
  custom:video-encoder-webm-vp8: eb34c28f22e8b96e1ab97ce403110664 -> 
  custom:audio-decoder-ogg-vorbis: bf7c407c2cedff20999df2af8eb42d56 -> 
  custom:audio-encoder-webm-vorbis: bf7c407c2cedff20999df2af8eb42d56 -> 
========================================================================
Received Import Request.
  Time since last request: 10.578562 seconds.
  path: Assets/Prefabs/Bishop.prefab
  artifactKey: Guid(3fdd7153312cbde4b9e476ba4e03b318) Importer(815301076,1909f56bfc062723c751e8b465ee728b)
Start importing Assets/Prefabs/Bishop.prefab using Guid(3fdd7153312cbde4b9e476ba4e03b318) Importer(815301076,1909f56bfc062723c751e8b465ee728b) 'IObjectTweener' is missing the class attribute 'ExtensionOfNativeClass'!
GameObject (named 'Bishop') references runtime script in scene file. Fixing!
'IObjectTweener' is missing the class attribute 'ExtensionOfNativeClass'!
'IObjectTweener' is missing the class attribute 'ExtensionOfNativeClass'!
UnityEngine.StackTraceUtility:ExtractStackTrace ()
UnityEditor.EditorUtility:Internal_InstantiateRemoveAllNonAnimationComponentsSingle (UnityEngine.Object,UnityEngine.Vector3,UnityEngine.Quaternion)
UnityEditor.EditorUtility:InstantiateRemoveAllNonAnimationComponents (UnityEngine.Object,UnityEngine.Vector3,UnityEngine.Quaternion)
UnityEditor.EditorUtility:InstantiateForAnimatorPreview (UnityEngine.Object)
UnityEditor.GameObjectInspector/PreviewData:UpdateGameObject (UnityEngine.Object)
UnityEditor.GameObjectInspector/PreviewData:.ctor (UnityEngine.Object,bool)
UnityEditor.GameObjectInspector:GetPreviewData (bool)
UnityEditor.GameObjectInspector:RenderStaticPreview (string,UnityEngine.Object[],int,int)
UnityEditor.AssetPreviewUpdater:CreatePreview (UnityEngine.Object,UnityEngine.Object[],string,int,int)
UnityEditor.AssetPreviewUpdater:CreatePreviewForAsset (UnityEngine.Object,UnityEngine.Object[],string)

[C:\build\output\unity\unity\Runtime\Scripting\ManagedReference\SerializableManagedRef.cpp line 149]

 -> (artifact id: 'ed5d6eb04fab3fb9ea500032918c9d09') in 0.050502 seconds
Number of updated asset objects reloaded before import = 0
Number of asset objects unloaded after import = 14
========================================================================
Received Import Request.
  Time since last request: 0.000011 seconds.
  path: Assets/Prefabs/Pawn.prefab
  artifactKey: Guid(9e6c55048fdfa2740bf768bd0629e533) Importer(815301076,1909f56bfc062723c751e8b465ee728b)
Start importing Assets/Prefabs/Pawn.prefab using Guid(9e6c55048fdfa2740bf768bd0629e533) Importer(815301076,1909f56bfc062723c751e8b465ee728b) 'IObjectTweener' is missing the class attribute 'ExtensionOfNativeClass'!
GameObject (named 'Pawn') references runtime script in scene file. Fixing!
'IObjectTweener' is missing the class attribute 'ExtensionOfNativeClass'!
'IObjectTweener' is missing the class attribute 'ExtensionOfNativeClass'!
UnityEngine.StackTraceUtility:ExtractStackTrace ()
UnityEditor.EditorUtility:Internal_InstantiateRemoveAllNonAnimationComponentsSingle (UnityEngine.Object,UnityEngine.Vector3,UnityEngine.Quaternion)
UnityEditor.EditorUtility:InstantiateRemoveAllNonAnimationComponents (UnityEngine.Object,UnityEngine.Vector3,UnityEngine.Quaternion)
UnityEditor.EditorUtility:InstantiateForAnimatorPreview (UnityEngine.Object)
UnityEditor.GameObjectInspector/PreviewData:UpdateGameObject (UnityEngine.Object)
UnityEditor.GameObjectInspector/PreviewData:.ctor (UnityEngine.Object,bool)
UnityEditor.GameObjectInspector:GetPreviewData (bool)
UnityEditor.GameObjectInspector:RenderStaticPreview (string,UnityEngine.Object[],int,int)
UnityEditor.AssetPreviewUpdater:CreatePreview (UnityEngine.Object,UnityEngine.Object[],string,int,int)
UnityEditor.AssetPreviewUpdater:CreatePreviewForAsset (UnityEngine.Object,UnityEngine.Object[],string)

[C:\build\output\unity\unity\Runtime\Scripting\ManagedReference\SerializableManagedRef.cpp line 149]

 -> (artifact id: 'f1d300aa859e08a81a5ab247f7049b71') in 0.004470 seconds
Number of updated asset objects reloaded before import = 0
Number of asset objects unloaded after import = 12
========================================================================
Received Import Request.
  Time since last request: 0.000008 seconds.
  path: Assets/Prefabs/Knight.prefab
  artifactKey: Guid(c0f0c0d220d1259478f62fe910238a17) Importer(815301076,1909f56bfc062723c751e8b465ee728b)
Start importing Assets/Prefabs/Knight.prefab using Guid(c0f0c0d220d1259478f62fe910238a17) Importer(815301076,1909f56bfc062723c751e8b465ee728b) 'IObjectTweener' is missing the class attribute 'ExtensionOfNativeClass'!
GameObject (named 'Knight') references runtime script in scene file. Fixing!
'IObjectTweener' is missing the class attribute 'ExtensionOfNativeClass'!
'IObjectTweener' is missing the class attribute 'ExtensionOfNativeClass'!
UnityEngine.StackTraceUtility:ExtractStackTrace ()
UnityEditor.EditorUtility:Internal_InstantiateRemoveAllNonAnimationComponentsSingle (UnityEngine.Object,UnityEngine.Vector3,UnityEngine.Quaternion)
UnityEditor.EditorUtility:InstantiateRemoveAllNonAnimationComponents (UnityEngine.Object,UnityEngine.Vector3,UnityEngine.Quaternion)
UnityEditor.EditorUtility:InstantiateForAnimatorPreview (UnityEngine.Object)
UnityEditor.GameObjectInspector/PreviewData:UpdateGameObject (UnityEngine.Object)
UnityEditor.GameObjectInspector/PreviewData:.ctor (UnityEngine.Object,bool)
UnityEditor.GameObjectInspector:GetPreviewData (bool)
UnityEditor.GameObjectInspector:RenderStaticPreview (string,UnityEngine.Object[],int,int)
UnityEditor.AssetPreviewUpdater:CreatePreview (UnityEngine.Object,UnityEngine.Object[],string,int,int)
UnityEditor.AssetPreviewUpdater:CreatePreviewForAsset (UnityEngine.Object,UnityEngine.Object[],string)

[C:\build\output\unity\unity\Runtime\Scripting\ManagedReference\SerializableManagedRef.cpp line 149]

 -> (artifact id: 'd45be87a26d8a8706f0ca8090737dbf8') in 0.004444 seconds
Number of updated asset objects reloaded before import = 0
Number of asset objects unloaded after import = 12
========================================================================
Received Import Request.
  Time since last request: 0.000009 seconds.
  path: Assets/Prefabs/Queen.prefab
  artifactKey: Guid(f9797ff7d081cb342a4918bf057c23ed) Importer(815301076,1909f56bfc062723c751e8b465ee728b)
Start importing Assets/Prefabs/Queen.prefab using Guid(f9797ff7d081cb342a4918bf057c23ed) Importer(815301076,1909f56bfc062723c751e8b465ee728b) 'IObjectTweener' is missing the class attribute 'ExtensionOfNativeClass'!
GameObject (named 'Queen') references runtime script in scene file. Fixing!
'IObjectTweener' is missing the class attribute 'ExtensionOfNativeClass'!
'IObjectTweener' is missing the class attribute 'ExtensionOfNativeClass'!
UnityEngine.StackTraceUtility:ExtractStackTrace ()
UnityEditor.EditorUtility:Internal_InstantiateRemoveAllNonAnimationComponentsSingle (UnityEngine.Object,UnityEngine.Vector3,UnityEngine.Quaternion)
UnityEditor.EditorUtility:InstantiateRemoveAllNonAnimationComponents (UnityEngine.Object,UnityEngine.Vector3,UnityEngine.Quaternion)
UnityEditor.EditorUtility:InstantiateForAnimatorPreview (UnityEngine.Object)
UnityEditor.GameObjectInspector/PreviewData:UpdateGameObject (UnityEngine.Object)
UnityEditor.GameObjectInspector/PreviewData:.ctor (UnityEngine.Object,bool)
UnityEditor.GameObjectInspector:GetPreviewData (bool)
UnityEditor.GameObjectInspector:RenderStaticPreview (string,UnityEngine.Object[],int,int)
UnityEditor.AssetPreviewUpdater:CreatePreview (UnityEngine.Object,UnityEngine.Object[],string,int,int)
UnityEditor.AssetPreviewUpdater:CreatePreviewForAsset (UnityEngine.Object,UnityEngine.Object[],string)

[C:\build\output\unity\unity\Runtime\Scripting\ManagedReference\SerializableManagedRef.cpp line 149]

 -> (artifact id: '3ddfaabea5c9bc89a2aedc63c786e8c2') in 0.005207 seconds
Number of updated asset objects reloaded before import = 0
Number of asset objects unloaded after import = 12
Editor requested this worker to shutdown with reason: Scaling down because of idle timeout
TcpMessagingSession - receive error: operation aborted. errorcode: 995, details: The I/O operation has been aborted because of either a thread exit or an application request.
AssetImportWorker is now disconnected from the server
Process exiting
Exiting without the bug reporter. Application will terminate with return code 0